<?xml version="1.0" encoding="UTF-8"?>
<testsuite xmlns:xsi="http://www.w3.org/2001/XMLSchema-instance" xsi:noNamespaceSchemaLocation="https://maven.apache.org/surefire/maven-surefire-plugin/xsd/surefire-test-report.xsd" name="info.seleniumcucumber.RunCukeTest" time="20.663" tests="15" errors="4" skipped="0" failures="0">
  <properties>
    <property name="sun.desktop" value="gnome"/>
    <property name="awt.toolkit" value="sun.awt.X11.XToolkit"/>
    <property name="file.encoding.pkg" value="sun.io"/>
    <property name="java.specification.version" value="1.8"/>
    <property name="sun.cpu.isalist" value=""/>
    <property name="sun.jnu.encoding" value="UTF-8"/>
    <property name="java.class.path" value="/home/shammika/factorial-Test/target/test-classes:/home/shammika/factorial-Test/target/classes:/home/shammika/.m2/repository/info/cukes/cucumber-java/1.2.5/cucumber-java-1.2.5.jar:/home/shammika/.m2/repository/info/cukes/cucumber-core/1.2.5/cucumber-core-1.2.5.jar:/home/shammika/.m2/repository/info/cukes/cucumber-html/0.2.3/cucumber-html-0.2.3.jar:/home/shammika/.m2/repository/info/cukes/cucumber-jvm-deps/1.0.5/cucumber-jvm-deps-1.0.5.jar:/home/shammika/.m2/repository/info/cukes/cucumber-junit/1.2.5/cucumber-junit-1.2.5.jar:/home/shammika/.m2/repository/junit/junit/4.12/junit-4.12.jar:/home/shammika/.m2/repository/org/hamcrest/hamcrest-core/1.3/hamcrest-core-1.3.jar:/home/shammika/.m2/repository/org/seleniumhq/selenium/selenium-java/3.12.0/selenium-java-3.12.0.jar:/home/shammika/.m2/repository/org/seleniumhq/selenium/selenium-api/3.12.0/selenium-api-3.12.0.jar:/home/shammika/.m2/repository/org/seleniumhq/selenium/selenium-chrome-driver/3.12.0/selenium-chrome-driver-3.12.0.jar:/home/shammika/.m2/repository/org/seleniumhq/selenium/selenium-edge-driver/3.12.0/selenium-edge-driver-3.12.0.jar:/home/shammika/.m2/repository/org/seleniumhq/selenium/selenium-firefox-driver/3.12.0/selenium-firefox-driver-3.12.0.jar:/home/shammika/.m2/repository/org/seleniumhq/selenium/selenium-ie-driver/3.12.0/selenium-ie-driver-3.12.0.jar:/home/shammika/.m2/repository/org/seleniumhq/selenium/selenium-opera-driver/3.12.0/selenium-opera-driver-3.12.0.jar:/home/shammika/.m2/repository/org/seleniumhq/selenium/selenium-remote-driver/3.12.0/selenium-remote-driver-3.12.0.jar:/home/shammika/.m2/repository/org/seleniumhq/selenium/selenium-safari-driver/3.12.0/selenium-safari-driver-3.12.0.jar:/home/shammika/.m2/repository/org/seleniumhq/selenium/selenium-support/3.12.0/selenium-support-3.12.0.jar:/home/shammika/.m2/repository/net/bytebuddy/byte-buddy/1.8.3/byte-buddy-1.8.3.jar:/home/shammika/.m2/repository/org/apache/commons/commons-exec/1.3/commons-exec-1.3.jar:/home/shammika/.m2/repository/commons-codec/commons-codec/1.10/commons-codec-1.10.jar:/home/shammika/.m2/repository/commons-logging/commons-logging/1.2/commons-logging-1.2.jar:/home/shammika/.m2/repository/com/google/code/gson/gson/2.8.2/gson-2.8.2.jar:/home/shammika/.m2/repository/com/google/guava/guava/23.6-jre/guava-23.6-jre.jar:/home/shammika/.m2/repository/com/google/code/findbugs/jsr305/1.3.9/jsr305-1.3.9.jar:/home/shammika/.m2/repository/org/checkerframework/checker-compat-qual/2.0.0/checker-compat-qual-2.0.0.jar:/home/shammika/.m2/repository/com/google/errorprone/error_prone_annotations/2.1.3/error_prone_annotations-2.1.3.jar:/home/shammika/.m2/repository/com/google/j2objc/j2objc-annotations/1.1/j2objc-annotations-1.1.jar:/home/shammika/.m2/repository/org/codehaus/mojo/animal-sniffer-annotations/1.14/animal-sniffer-annotations-1.14.jar:/home/shammika/.m2/repository/org/apache/httpcomponents/httpclient/4.5.3/httpclient-4.5.3.jar:/home/shammika/.m2/repository/org/apache/httpcomponents/httpcore/4.4.6/httpcore-4.4.6.jar:/home/shammika/.m2/repository/com/squareup/okhttp3/okhttp/3.9.1/okhttp-3.9.1.jar:/home/shammika/.m2/repository/com/squareup/okio/okio/1.13.0/okio-1.13.0.jar:/home/shammika/.m2/repository/org/seleniumhq/selenium/selenium-server/3.12.0/selenium-server-3.12.0.jar:/home/shammika/.m2/repository/com/beust/jcommander/1.72/jcommander-1.72.jar:/home/shammika/.m2/repository/org/apache/commons/commons-lang3/3.7/commons-lang3-3.7.jar:/home/shammika/.m2/repository/org/apache/commons/commons-text/1.1/commons-text-1.1.jar:/home/shammika/.m2/repository/commons-io/commons-io/2.6/commons-io-2.6.jar:/home/shammika/.m2/repository/commons-net/commons-net/3.6/commons-net-3.6.jar:/home/shammika/.m2/repository/org/w3c/css/sac/1.3/sac-1.3.jar:/home/shammika/.m2/repository/net/sourceforge/cssparser/cssparser/0.9.24/cssparser-0.9.24.jar:/home/shammika/.m2/repository/net/sourceforge/htmlunit/htmlunit/2.29/htmlunit-2.29.jar:/home/shammika/.m2/repository/net/sourceforge/htmlunit/htmlunit-core-js/2.28/htmlunit-core-js-2.28.jar:/home/shammika/.m2/repository/net/sourceforge/htmlunit/neko-htmlunit/2.28/neko-htmlunit-2.28.jar:/home/shammika/.m2/repository/org/apache/httpcomponents/httpmime/4.5.3/httpmime-4.5.3.jar:/home/shammika/.m2/repository/net/jcip/jcip-annotations/1.0/jcip-annotations-1.0.jar:/home/shammika/.m2/repository/org/seleniumhq/selenium/jetty-repacked/9.4.7.v20171121/jetty-repacked-9.4.7.v20171121.jar:/home/shammika/.m2/repository/org/eclipse/jetty/jetty-client/9.4.7.v20170914/jetty-client-9.4.7.v20170914.jar:/home/shammika/.m2/repository/org/eclipse/jetty/jetty-http/9.4.8.v20171121/jetty-http-9.4.8.v20171121.jar:/home/shammika/.m2/repository/org/eclipse/jetty/jetty-io/9.4.8.v20171121/jetty-io-9.4.8.v20171121.jar:/home/shammika/.m2/repository/org/eclipse/jetty/jetty-util/9.4.8.v20171121/jetty-util-9.4.8.v20171121.jar:/home/shammika/.m2/repository/org/eclipse/jetty/jetty-xml/9.4.7.v20170914/jetty-xml-9.4.7.v20170914.jar:/home/shammika/.m2/repository/org/seleniumhq/selenium/htmlunit-driver/2.29.0/htmlunit-driver-2.29.0.jar:/home/shammika/.m2/repository/javax/servlet/javax.servlet-api/3.1.0/javax.servlet-api-3.1.0.jar:/home/shammika/.m2/repository/org/eclipse/jetty/websocket/websocket-api/9.4.7.v20170914/websocket-api-9.4.7.v20170914.jar:/home/shammika/.m2/repository/org/eclipse/jetty/websocket/websocket-client/9.4.7.v20170914/websocket-client-9.4.7.v20170914.jar:/home/shammika/.m2/repository/org/eclipse/jetty/websocket/websocket-common/9.4.7.v20170914/websocket-common-9.4.7.v20170914.jar:/home/shammika/.m2/repository/xalan/serializer/2.7.2/serializer-2.7.2.jar:/home/shammika/.m2/repository/xalan/xalan/2.7.2/xalan-2.7.2.jar:/home/shammika/.m2/repository/xerces/xercesImpl/2.11.0/xercesImpl-2.11.0.jar:/home/shammika/.m2/repository/xml-apis/xml-apis/1.4.01/xml-apis-1.4.01.jar:/home/shammika/.m2/repository/org/yaml/snakeyaml/1.19/snakeyaml-1.19.jar:/home/shammika/.m2/repository/io/appium/java-client/5.0.4/java-client-5.0.4.jar:/home/shammika/.m2/repository/cglib/cglib/3.2.5/cglib-3.2.5.jar:/home/shammika/.m2/repository/org/ow2/asm/asm/5.2/asm-5.2.jar:/home/shammika/.m2/repository/org/apache/ant/ant/1.9.6/ant-1.9.6.jar:/home/shammika/.m2/repository/org/apache/ant/ant-launcher/1.9.6/ant-launcher-1.9.6.jar:/home/shammika/.m2/repository/commons-validator/commons-validator/1.6/commons-validator-1.6.jar:/home/shammika/.m2/repository/commons-beanutils/commons-beanutils/1.9.2/commons-beanutils-1.9.2.jar:/home/shammika/.m2/repository/commons-digester/commons-digester/1.8.1/commons-digester-1.8.1.jar:/home/shammika/.m2/repository/commons-collections/commons-collections/3.2.2/commons-collections-3.2.2.jar:/home/shammika/.m2/repository/org/springframework/spring-context/5.0.0.RELEASE/spring-context-5.0.0.RELEASE.jar:/home/shammika/.m2/repository/org/springframework/spring-aop/5.0.0.RELEASE/spring-aop-5.0.0.RELEASE.jar:/home/shammika/.m2/repository/org/springframework/spring-beans/5.0.0.RELEASE/spring-beans-5.0.0.RELEASE.jar:/home/shammika/.m2/repository/org/springframework/spring-core/5.0.0.RELEASE/spring-core-5.0.0.RELEASE.jar:/home/shammika/.m2/repository/org/springframework/spring-jcl/5.0.0.RELEASE/spring-jcl-5.0.0.RELEASE.jar:/home/shammika/.m2/repository/org/springframework/spring-expression/5.0.0.RELEASE/spring-expression-5.0.0.RELEASE.jar:/home/shammika/.m2/repository/org/aspectj/aspectjweaver/1.8.11/aspectjweaver-1.8.11.jar:/home/shammika/.m2/repository/org/openpnp/opencv/3.2.0-1/opencv-3.2.0-1.jar:/home/shammika/.m2/repository/ru/yandex/qatools/allure/allure-cucumber-jvm-adaptor/1.6.4/allure-cucumber-jvm-adaptor-1.6.4.jar:/home/shammika/.m2/repository/ru/yandex/qatools/allure/allure-java-aspects/1.5.2/allure-java-aspects-1.5.2.jar:/home/shammika/.m2/repository/ru/yandex/qatools/allure/allure-java-adaptor-api/1.5.2/allure-java-adaptor-api-1.5.2.jar:/home/shammika/.m2/repository/ru/yandex/qatools/allure/allure-java-annotations/1.5.2/allure-java-annotations-1.5.2.jar:/home/shammika/.m2/repository/org/apache/tika/tika-core/1.7/tika-core-1.7.jar:/home/shammika/.m2/repository/org/aspectj/aspectjrt/1.8.3/aspectjrt-1.8.3.jar:/home/shammika/.m2/repository/ru/yandex/qatools/allure/allure-commons/1.5.2/allure-commons-1.5.2.jar:/home/shammika/.m2/repository/ru/yandex/qatools/allure/allure-model/1.5.2/allure-model-1.5.2.jar:/home/shammika/.m2/repository/org/jvnet/jaxb2_commons/jaxb2-basics-runtime/0.9.3/jaxb2-basics-runtime-0.9.3.jar:/home/shammika/.m2/repository/ru/qatools/commons/properties/2.0.RC5/properties-2.0.RC5.jar:/home/shammika/.m2/repository/info/cukes/gherkin/2.12.2/gherkin-2.12.2.jar:/home/shammika/.m2/repository/commons-logging/commons-logging-api/1.1/commons-logging-api-1.1.jar:/home/shammika/.m2/repository/org/slf4j/slf4j-api/1.7.21/slf4j-api-1.7.21.jar:/home/shammika/.m2/repository/org/slf4j/slf4j-simple/1.7.21/slf4j-simple-1.7.21.jar:"/>
    <property name="java.vm.vendor" value="Private Build"/>
    <property name="sun.arch.data.model" value="64"/>
    <property name="java.vendor.url" value="http://java.oracle.com/"/>
    <property name="user.timezone" value=""/>
    <property name="java.vm.specification.version" value="1.8"/>
    <property name="os.name" value="Linux"/>
    <property name="user.country" value="US"/>
    <property name="sun.java.launcher" value="SUN_STANDARD"/>
    <property name="sun.boot.library.path" value="/usr/lib/jvm/java-8-openjdk-amd64/jre/lib/amd64"/>
    <property name="sun.java.command" value="/home/shammika/factorial-Test/target/surefire/surefirebooter3656243204985109883.jar /home/shammika/factorial-Test/target/surefire 2019-11-03T21-16-30_994-jvmRun1 surefire5921323317633062112tmp surefire_0625620690456817828tmp"/>
    <property name="surefire.test.class.path" value="/home/shammika/factorial-Test/target/test-classes:/home/shammika/factorial-Test/target/classes:/home/shammika/.m2/repository/info/cukes/cucumber-java/1.2.5/cucumber-java-1.2.5.jar:/home/shammika/.m2/repository/info/cukes/cucumber-core/1.2.5/cucumber-core-1.2.5.jar:/home/shammika/.m2/repository/info/cukes/cucumber-html/0.2.3/cucumber-html-0.2.3.jar:/home/shammika/.m2/repository/info/cukes/cucumber-jvm-deps/1.0.5/cucumber-jvm-deps-1.0.5.jar:/home/shammika/.m2/repository/info/cukes/cucumber-junit/1.2.5/cucumber-junit-1.2.5.jar:/home/shammika/.m2/repository/junit/junit/4.12/junit-4.12.jar:/home/shammika/.m2/repository/org/hamcrest/hamcrest-core/1.3/hamcrest-core-1.3.jar:/home/shammika/.m2/repository/org/seleniumhq/selenium/selenium-java/3.12.0/selenium-java-3.12.0.jar:/home/shammika/.m2/repository/org/seleniumhq/selenium/selenium-api/3.12.0/selenium-api-3.12.0.jar:/home/shammika/.m2/repository/org/seleniumhq/selenium/selenium-chrome-driver/3.12.0/selenium-chrome-driver-3.12.0.jar:/home/shammika/.m2/repository/org/seleniumhq/selenium/selenium-edge-driver/3.12.0/selenium-edge-driver-3.12.0.jar:/home/shammika/.m2/repository/org/seleniumhq/selenium/selenium-firefox-driver/3.12.0/selenium-firefox-driver-3.12.0.jar:/home/shammika/.m2/repository/org/seleniumhq/selenium/selenium-ie-driver/3.12.0/selenium-ie-driver-3.12.0.jar:/home/shammika/.m2/repository/org/seleniumhq/selenium/selenium-opera-driver/3.12.0/selenium-opera-driver-3.12.0.jar:/home/shammika/.m2/repository/org/seleniumhq/selenium/selenium-remote-driver/3.12.0/selenium-remote-driver-3.12.0.jar:/home/shammika/.m2/repository/org/seleniumhq/selenium/selenium-safari-driver/3.12.0/selenium-safari-driver-3.12.0.jar:/home/shammika/.m2/repository/org/seleniumhq/selenium/selenium-support/3.12.0/selenium-support-3.12.0.jar:/home/shammika/.m2/repository/net/bytebuddy/byte-buddy/1.8.3/byte-buddy-1.8.3.jar:/home/shammika/.m2/repository/org/apache/commons/commons-exec/1.3/commons-exec-1.3.jar:/home/shammika/.m2/repository/commons-codec/commons-codec/1.10/commons-codec-1.10.jar:/home/shammika/.m2/repository/commons-logging/commons-logging/1.2/commons-logging-1.2.jar:/home/shammika/.m2/repository/com/google/code/gson/gson/2.8.2/gson-2.8.2.jar:/home/shammika/.m2/repository/com/google/guava/guava/23.6-jre/guava-23.6-jre.jar:/home/shammika/.m2/repository/com/google/code/findbugs/jsr305/1.3.9/jsr305-1.3.9.jar:/home/shammika/.m2/repository/org/checkerframework/checker-compat-qual/2.0.0/checker-compat-qual-2.0.0.jar:/home/shammika/.m2/repository/com/google/errorprone/error_prone_annotations/2.1.3/error_prone_annotations-2.1.3.jar:/home/shammika/.m2/repository/com/google/j2objc/j2objc-annotations/1.1/j2objc-annotations-1.1.jar:/home/shammika/.m2/repository/org/codehaus/mojo/animal-sniffer-annotations/1.14/animal-sniffer-annotations-1.14.jar:/home/shammika/.m2/repository/org/apache/httpcomponents/httpclient/4.5.3/httpclient-4.5.3.jar:/home/shammika/.m2/repository/org/apache/httpcomponents/httpcore/4.4.6/httpcore-4.4.6.jar:/home/shammika/.m2/repository/com/squareup/okhttp3/okhttp/3.9.1/okhttp-3.9.1.jar:/home/shammika/.m2/repository/com/squareup/okio/okio/1.13.0/okio-1.13.0.jar:/home/shammika/.m2/repository/org/seleniumhq/selenium/selenium-server/3.12.0/selenium-server-3.12.0.jar:/home/shammika/.m2/repository/com/beust/jcommander/1.72/jcommander-1.72.jar:/home/shammika/.m2/repository/org/apache/commons/commons-lang3/3.7/commons-lang3-3.7.jar:/home/shammika/.m2/repository/org/apache/commons/commons-text/1.1/commons-text-1.1.jar:/home/shammika/.m2/repository/commons-io/commons-io/2.6/commons-io-2.6.jar:/home/shammika/.m2/repository/commons-net/commons-net/3.6/commons-net-3.6.jar:/home/shammika/.m2/repository/org/w3c/css/sac/1.3/sac-1.3.jar:/home/shammika/.m2/repository/net/sourceforge/cssparser/cssparser/0.9.24/cssparser-0.9.24.jar:/home/shammika/.m2/repository/net/sourceforge/htmlunit/htmlunit/2.29/htmlunit-2.29.jar:/home/shammika/.m2/repository/net/sourceforge/htmlunit/htmlunit-core-js/2.28/htmlunit-core-js-2.28.jar:/home/shammika/.m2/repository/net/sourceforge/htmlunit/neko-htmlunit/2.28/neko-htmlunit-2.28.jar:/home/shammika/.m2/repository/org/apache/httpcomponents/httpmime/4.5.3/httpmime-4.5.3.jar:/home/shammika/.m2/repository/net/jcip/jcip-annotations/1.0/jcip-annotations-1.0.jar:/home/shammika/.m2/repository/org/seleniumhq/selenium/jetty-repacked/9.4.7.v20171121/jetty-repacked-9.4.7.v20171121.jar:/home/shammika/.m2/repository/org/eclipse/jetty/jetty-client/9.4.7.v20170914/jetty-client-9.4.7.v20170914.jar:/home/shammika/.m2/repository/org/eclipse/jetty/jetty-http/9.4.8.v20171121/jetty-http-9.4.8.v20171121.jar:/home/shammika/.m2/repository/org/eclipse/jetty/jetty-io/9.4.8.v20171121/jetty-io-9.4.8.v20171121.jar:/home/shammika/.m2/repository/org/eclipse/jetty/jetty-util/9.4.8.v20171121/jetty-util-9.4.8.v20171121.jar:/home/shammika/.m2/repository/org/eclipse/jetty/jetty-xml/9.4.7.v20170914/jetty-xml-9.4.7.v20170914.jar:/home/shammika/.m2/repository/org/seleniumhq/selenium/htmlunit-driver/2.29.0/htmlunit-driver-2.29.0.jar:/home/shammika/.m2/repository/javax/servlet/javax.servlet-api/3.1.0/javax.servlet-api-3.1.0.jar:/home/shammika/.m2/repository/org/eclipse/jetty/websocket/websocket-api/9.4.7.v20170914/websocket-api-9.4.7.v20170914.jar:/home/shammika/.m2/repository/org/eclipse/jetty/websocket/websocket-client/9.4.7.v20170914/websocket-client-9.4.7.v20170914.jar:/home/shammika/.m2/repository/org/eclipse/jetty/websocket/websocket-common/9.4.7.v20170914/websocket-common-9.4.7.v20170914.jar:/home/shammika/.m2/repository/xalan/serializer/2.7.2/serializer-2.7.2.jar:/home/shammika/.m2/repository/xalan/xalan/2.7.2/xalan-2.7.2.jar:/home/shammika/.m2/repository/xerces/xercesImpl/2.11.0/xercesImpl-2.11.0.jar:/home/shammika/.m2/repository/xml-apis/xml-apis/1.4.01/xml-apis-1.4.01.jar:/home/shammika/.m2/repository/org/yaml/snakeyaml/1.19/snakeyaml-1.19.jar:/home/shammika/.m2/repository/io/appium/java-client/5.0.4/java-client-5.0.4.jar:/home/shammika/.m2/repository/cglib/cglib/3.2.5/cglib-3.2.5.jar:/home/shammika/.m2/repository/org/ow2/asm/asm/5.2/asm-5.2.jar:/home/shammika/.m2/repository/org/apache/ant/ant/1.9.6/ant-1.9.6.jar:/home/shammika/.m2/repository/org/apache/ant/ant-launcher/1.9.6/ant-launcher-1.9.6.jar:/home/shammika/.m2/repository/commons-validator/commons-validator/1.6/commons-validator-1.6.jar:/home/shammika/.m2/repository/commons-beanutils/commons-beanutils/1.9.2/commons-beanutils-1.9.2.jar:/home/shammika/.m2/repository/commons-digester/commons-digester/1.8.1/commons-digester-1.8.1.jar:/home/shammika/.m2/repository/commons-collections/commons-collections/3.2.2/commons-collections-3.2.2.jar:/home/shammika/.m2/repository/org/springframework/spring-context/5.0.0.RELEASE/spring-context-5.0.0.RELEASE.jar:/home/shammika/.m2/repository/org/springframework/spring-aop/5.0.0.RELEASE/spring-aop-5.0.0.RELEASE.jar:/home/shammika/.m2/repository/org/springframework/spring-beans/5.0.0.RELEASE/spring-beans-5.0.0.RELEASE.jar:/home/shammika/.m2/repository/org/springframework/spring-core/5.0.0.RELEASE/spring-core-5.0.0.RELEASE.jar:/home/shammika/.m2/repository/org/springframework/spring-jcl/5.0.0.RELEASE/spring-jcl-5.0.0.RELEASE.jar:/home/shammika/.m2/repository/org/springframework/spring-expression/5.0.0.RELEASE/spring-expression-5.0.0.RELEASE.jar:/home/shammika/.m2/repository/org/aspectj/aspectjweaver/1.8.11/aspectjweaver-1.8.11.jar:/home/shammika/.m2/repository/org/openpnp/opencv/3.2.0-1/opencv-3.2.0-1.jar:/home/shammika/.m2/repository/ru/yandex/qatools/allure/allure-cucumber-jvm-adaptor/1.6.4/allure-cucumber-jvm-adaptor-1.6.4.jar:/home/shammika/.m2/repository/ru/yandex/qatools/allure/allure-java-aspects/1.5.2/allure-java-aspects-1.5.2.jar:/home/shammika/.m2/repository/ru/yandex/qatools/allure/allure-java-adaptor-api/1.5.2/allure-java-adaptor-api-1.5.2.jar:/home/shammika/.m2/repository/ru/yandex/qatools/allure/allure-java-annotations/1.5.2/allure-java-annotations-1.5.2.jar:/home/shammika/.m2/repository/org/apache/tika/tika-core/1.7/tika-core-1.7.jar:/home/shammika/.m2/repository/org/aspectj/aspectjrt/1.8.3/aspectjrt-1.8.3.jar:/home/shammika/.m2/repository/ru/yandex/qatools/allure/allure-commons/1.5.2/allure-commons-1.5.2.jar:/home/shammika/.m2/repository/ru/yandex/qatools/allure/allure-model/1.5.2/allure-model-1.5.2.jar:/home/shammika/.m2/repository/org/jvnet/jaxb2_commons/jaxb2-basics-runtime/0.9.3/jaxb2-basics-runtime-0.9.3.jar:/home/shammika/.m2/repository/ru/qatools/commons/properties/2.0.RC5/properties-2.0.RC5.jar:/home/shammika/.m2/repository/info/cukes/gherkin/2.12.2/gherkin-2.12.2.jar:/home/shammika/.m2/repository/commons-logging/commons-logging-api/1.1/commons-logging-api-1.1.jar:/home/shammika/.m2/repository/org/slf4j/slf4j-api/1.7.21/slf4j-api-1.7.21.jar:/home/shammika/.m2/repository/org/slf4j/slf4j-simple/1.7.21/slf4j-simple-1.7.21.jar:"/>
    <property name="sun.cpu.endian" value="little"/>
    <property name="user.home" value="/home/shammika"/>
    <property name="user.language" value="en"/>
    <property name="java.specification.vendor" value="Oracle Corporation"/>
    <property name="java.home" value="/usr/lib/jvm/java-8-openjdk-amd64/jre"/>
    <property name="basedir" value="/home/shammika/factorial-Test"/>
    <property name="file.separator" value="/"/>
    <property name="line.separator" value="&#10;"/>
    <property name="idea.version2019.2.4" value="true"/>
    <property name="java.vm.specification.vendor" value="Oracle Corporation"/>
    <property name="java.specification.name" value="Java Platform API Specification"/>
    <property name="java.awt.graphicsenv" value="sun.awt.X11GraphicsEnvironment"/>
    <property name="surefire.real.class.path" value="/home/shammika/factorial-Test/target/surefire/surefirebooter3656243204985109883.jar:/home/shammika/.m2/repository/org/aspectj/aspectjweaver/1.8.11/aspectjweaver-1.8.11.jar"/>
    <property name="sun.boot.class.path" value="/usr/lib/jvm/java-8-openjdk-amd64/jre/lib/resources.jar:/usr/lib/jvm/java-8-openjdk-amd64/jre/lib/rt.jar:/usr/lib/jvm/java-8-openjdk-amd64/jre/lib/sunrsasign.jar:/usr/lib/jvm/java-8-openjdk-amd64/jre/lib/jsse.jar:/usr/lib/jvm/java-8-openjdk-amd64/jre/lib/jce.jar:/usr/lib/jvm/java-8-openjdk-amd64/jre/lib/charsets.jar:/usr/lib/jvm/java-8-openjdk-amd64/jre/lib/jfr.jar:/usr/lib/jvm/java-8-openjdk-amd64/jre/classes"/>
    <property name="sun.management.compiler" value="HotSpot 64-Bit Tiered Compilers"/>
    <property name="java.runtime.version" value="1.8.0_222-8u222-b10-1ubuntu1~18.04.1-b10"/>
    <property name="user.name" value="shammika"/>
    <property name="path.separator" value=":"/>
    <property name="os.version" value="4.15.0-65-generic"/>
    <property name="java.endorsed.dirs" value="/usr/lib/jvm/java-8-openjdk-amd64/jre/lib/endorsed"/>
    <property name="java.runtime.name" value="OpenJDK Runtime Environment"/>
    <property name="file.encoding" value="UTF-8"/>
    <property name="java.vm.name" value="OpenJDK 64-Bit Server VM"/>
    <property name="localRepository" value="/home/shammika/.m2/repository"/>
    <property name="cucumber.options" value="--plugin ru.yandex.qatools.allure.cucumberjvm.AllureReporter"/>
    <property name="java.vendor.url.bug" value="http://bugreport.sun.com/bugreport/"/>
    <property name="java.io.tmpdir" value="/tmp"/>
    <property name="java.version" value="1.8.0_222"/>
    <property name="user.dir" value="/home/shammika/factorial-Test"/>
    <property name="os.arch" value="amd64"/>
    <property name="java.vm.specification.name" value="Java Virtual Machine Specification"/>
    <property name="java.awt.printerjob" value="sun.print.PSPrinterJob"/>
    <property name="sun.os.patch.level" value="unknown"/>
    <property name="java.library.path" value="/usr/java/packages/lib/amd64:/usr/lib/x86_64-linux-gnu/jni:/lib/x86_64-linux-gnu:/usr/lib/x86_64-linux-gnu:/usr/lib/jni:/lib:/usr/lib"/>
    <property name="java.vm.info" value="mixed mode"/>
    <property name="java.vendor" value="Private Build"/>
    <property name="java.vm.version" value="25.222-b10"/>
    <property name="java.ext.dirs" value="/usr/lib/jvm/java-8-openjdk-amd64/jre/lib/ext:/usr/java/packages/lib/ext"/>
    <property name="sun.io.unicode.encoding" value="UnicodeLittle"/>
    <property name="java.class.version" value="52.0"/>
  </properties>
  <testcase name="Given I navigate to &quot;http://qainterview.pythonanywhere.com/&quot;" classname="| Terms and Conditions |" time="0.011"/>
  <testcase name="Then link having partial text &quot;Terms and Conditions&quot; should be present" classname="| Terms and Conditions |" time="0.001"/>
  <testcase name="Then I click on link having partial text &quot;Terms and Conditions&quot;" classname="| Terms and Conditions |" time="0"/>
  <testcase name="Then I should see page title as &quot;http://qainterview.pythonanywhere.com/terms&quot;" classname="| Terms and Conditions |" time="0.012">
    <error message="Page Title Not Matched, Actual Page Title : " type="info.seleniumcucumber.methods.TestCaseFailed">info.seleniumcucumber.methods.TestCaseFailed: Page Title Not Matched, Actual Page Title : 
</error>
  </testcase>
  <testcase name="| Terms and Conditions |" classname="| Terms and Conditions |" time="0.012">
    <error message="Page Title Not Matched, Actual Page Title : " type="info.seleniumcucumber.methods.TestCaseFailed">info.seleniumcucumber.methods.TestCaseFailed: Page Title Not Matched, Actual Page Title : 
</error>
  </testcase>
  <testcase name="Given I navigate to &quot;http://qainterview.pythonanywhere.com/&quot;" classname="| Privacy |" time="0"/>
  <testcase name="Then link having partial text &quot;Privacy&quot; should be present" classname="| Privacy |" time="0"/>
  <testcase name="Then I click on link having partial text &quot;Privacy&quot;" classname="| Privacy |" time="0"/>
  <testcase name="Then I should see page title as &quot;qainterview.pythonanywhere.com/privacy&quot;" classname="| Privacy |" time="0.001">
    <error message="Page Title Not Matched, Actual Page Title : " type="info.seleniumcucumber.methods.TestCaseFailed">info.seleniumcucumber.methods.TestCaseFailed: Page Title Not Matched, Actual Page Title : 
</error>
  </testcase>
  <testcase name="| Privacy |" classname="| Privacy |" time="0.001">
    <error message="Page Title Not Matched, Actual Page Title : " type="info.seleniumcucumber.methods.TestCaseFailed">info.seleniumcucumber.methods.TestCaseFailed: Page Title Not Matched, Actual Page Title : 
</error>
  </testcase>
  <testcase name="Given I navigate to &quot;http://qainterview.pythonanywhere.com/&quot;" classname="| Qxf2 Services |" time="0"/>
  <testcase name="Then link having partial text &quot;Qxf2 Services&quot; should be present" classname="| Qxf2 Services |" time="0"/>
  <testcase name="Then I click on link having partial text &quot;Qxf2 Services&quot;" classname="| Qxf2 Services |" time="0"/>
  <testcase name="Then I should see page title as &quot;Qxf2 Services: Outsourced Software QA for startups&quot;" classname="| Qxf2 Services |" time="0"/>
  <testcase name="| Qxf2 Services |" classname="| Qxf2 Services |" time="0.072"/>
</testsuite>